INFO:root: device name = cuda
INFO:root: train, test and validation datasets loading successful...
INFO:root: model loading successful...
INFO:root: model evaluation starting with the unified representation...
INFO:root: C-F1(100) score =  0.713487629688747, tp = 894, fp = 346, fn = 372
INFO:root: R-F1(100) score =  0.5426975259377494, tp = 680, fp = 560, fn = 586
INFO:root: model evaluation end...
INFO:root: device name = cuda
INFO:root: train, test and validation datasets loading successful...
INFO:root: model loading successful...
INFO:root: model evaluation starting with the unified representation...
INFO:root: C-F1(100) score =  0.6887734718337994, tp = 862, fp = 375, fn = 404
INFO:root: R-F1(100) score =  0.5113863363963244, tp = 640, fp = 597, fn = 626
INFO:root: model evaluation end...
INFO:root: device name = cuda
INFO:root: train, test and validation datasets loading successful...
INFO:root: model loading successful...
INFO:root: model evaluation starting with the unified representation...
INFO:root: C-F1(100) score =  0.6778413736713, tp = 829, fp = 367, fn = 421
INFO:root: R-F1(100) score =  0.48242027800490594, tp = 590, fp = 606, fn = 660
INFO:root: model evaluation end...
INFO:root: device name = cuda
INFO:root: train, test and validation datasets loading successful...
INFO:root: model loading successful...
INFO:root: model evaluation starting with the unified representation...
INFO:root: C-F1(100) score =  0.6778413736713, tp = 829, fp = 367, fn = 421
INFO:root: R-F1(100) score =  0.48242027800490594, tp = 590, fp = 606, fn = 660
INFO:root: model evaluation end...
